imgPickerx/build/intermediates/manifest_merge_blame_file/debug/manifest-merger-blame-debug-report.txt
1<?xml version="1.0" encoding="utf-8"?>
2<manifest xmlns:android="http://schemas.android.com/apk/res/android"
3    package="com.fy.img.picker"
4    android:versionCode="1"
5    android:versionName="0.0.1" >
6
7    <uses-sdk
8        android:minSdkVersion="21"
8-->src\main\AndroidManifest.xml
9        android:targetSdkVersion="30" />
9-->src\main\AndroidManifest.xml
10
11    <application
11-->src\main\AndroidManifest.xml:4:5-31:19
12        android:allowBackup="true"
12-->src\main\AndroidManifest.xml:5:9-35
13        android:label="@string/app_name"
13-->src\main\AndroidManifest.xml:6:9-41
14        android:supportsRtl="true" >
14-->src\main\AndroidManifest.xml:7:9-35
15
16        <!-- 图片选择器 -->
17        <activity
17-->src\main\AndroidManifest.xml:10:9-18:20
18            android:name="com.fy.img.picker.multiselect.ImgPickerActivity"
18-->src\main\AndroidManifest.xml:11:13-58
19            android:launchMode="singleTop"
19-->src\main\AndroidManifest.xml:12:13-43
20            android:screenOrientation="portrait" >
20-->src\main\AndroidManifest.xml:13:13-49
21            <intent-filter>
21-->src\main\AndroidManifest.xml:14:13-17:29
22                <action android:name="${applicationId}.picker.ImgPickerActivity" />
22-->src\main\AndroidManifest.xml:15:17-84
22-->src\main\AndroidManifest.xml:15:25-81
23
24                <category android:name="android.intent.category.DEFAULT" />
24-->src\main\AndroidManifest.xml:16:17-76
24-->src\main\AndroidManifest.xml:16:27-73
25            </intent-filter>
26        </activity>
27
28        <!-- 图片预览 -->
29        <activity
29-->src\main\AndroidManifest.xml:21:9-29:20
30            android:name="com.fy.img.picker.preview.PicturePreviewActivity"
30-->src\main\AndroidManifest.xml:22:13-59
31            android:launchMode="singleTop"
31-->src\main\AndroidManifest.xml:23:13-43
32            android:screenOrientation="portrait" >
32-->src\main\AndroidManifest.xml:24:13-49
33            <intent-filter>
33-->src\main\AndroidManifest.xml:25:13-28:29
34                <action android:name="${applicationId}.preview.PicturePreviewActivity" />
34-->src\main\AndroidManifest.xml:26:17-90
34-->src\main\AndroidManifest.xml:26:25-87
35
36                <category android:name="android.intent.category.DEFAULT" />
36-->src\main\AndroidManifest.xml:16:17-76
36-->src\main\AndroidManifest.xml:16:27-73
37            </intent-filter>
38        </activity>
39    </application>
40
41</manifest>